
2025-10-23T22:52:09.610135500 [Server]: Таня joined the chat
2025-10-23T22:52:09.612564300 [Таня]: Enter your name:
2025-10-23T22:52:09.613572900 [Таня]: Таня joined the chat
2025-10-23T22:52:38.038511700 [Таня]: Евдоким joined the chat
2025-10-23T22:52:38.038511700 [Server]: Евдоким joined the chat
2025-10-23T22:52:38.057938900 [Евдоким]: Enter your name:
2025-10-23T22:52:38.059444300 [Евдоким]: Евдоким joined the chat
2025-10-23T22:53:01.130411300 [Евдоким]: Привет Таня
2025-10-23T22:53:01.130411300 [Евдоким]: Привет Таня
2025-10-23T22:53:01.130411300 [Таня]: Привет Таня
2025-10-23T23:02:35.974492600 [Server]: TestUser joined the chat
2025-10-23T23:02:35.975498600 [TestUser]: Hello, world!
2025-10-23T23:06:02.975507900 [Server]: TestUser joined the chat
2025-10-23T23:06:02.976548200 [TestUser]: Hello, world!
2025-10-31T22:15:06.041197100 [Server]: TestUser joined the chat
2025-10-31T22:15:06.042195100 [TestUser]: Hello, world!
2025-11-03T10:31:40.950510400 [Server]: TestUser joined the chat
2025-11-03T10:31:40.979188500 [Server]: TestUser joined the chat
2025-11-03T10:31:40.980186600 [TestUser]: Hello, world!
2025-11-03T10:31:58.932415800 [Server]: Здорова епта joined the chat
2025-11-03T10:31:58.933413800 [Server]: Здорова епта joined the chat
